76,[1,2,3,4,10,25],"25*3+1"
131,[2,3,7,9,11,25],"9*11+25+7"
271,[3,4,6,7,8,11],"8*11*3+7"
312,[4,7,8,9,14,20],"14*20+8*4"
493,[9,11,14,21,23,25],"21*25-9-23"
55,[1,2,3,4,5,10],"10*5+2+3"
137,[2,3,7,9,10,15],"15*9+2"
291,[3,7,8,11,15,25],"(7*15-8)*3"
315,[3,7,8,9,11,25],"(25+9+11)*7"
453,[8,12,13,15,20,23],"(23*20)-8+13-12"
84,[1,2,3,4,5,25],"3*25+4+5"
134,[2,5,7,9,11,25],"5*25+9"
243,[7,8,11,15,20,25],"15*25-7*20+8"
319,[3,5,7,8,11,20],"3*5*20+8+11"
414,[3,4,11,17,21,24],"17*24+21-11-4"
62,[1,2,3,4,10,25],"2*25+3*4"
118,[2,5,7,11,15,25],"5*25-7"
286,[3,4,9,11,15,25],"22*25+15-4"
359,[3,7,8,14,20,25],"24*25+25-9*17"
447,[9,15,17,21,24,25],"24*25-9*17"
